2025-06-13 12:59:29,219 - INFO - Loading data for Bahrain Grand Prix - Race [v3.5.3]
2025-06-13 12:59:29,219 - INFO - No cached data found for session_info. Loading data...
2025-06-13 12:59:29,219 - INFO - Fetching session info data...
2025-06-13 12:59:29,900 - INFO - Data has been written to cache!
2025-06-13 12:59:29,906 - INFO - No cached data found for driver_info. Loading data...
2025-06-13 12:59:29,907 - INFO - Fetching driver list...
2025-06-13 12:59:30,395 - INFO - Data has been written to cache!
2025-06-13 12:59:30,952 - INFO - No cached data found for session_status_data. Loading data...
2025-06-13 12:59:30,953 - INFO - Fetching session status data...
2025-06-13 12:59:31,311 - INFO - Data has been written to cache!
2025-06-13 12:59:31,313 - INFO - No cached data found for lap_count. Loading data...
2025-06-13 12:59:31,313 - INFO - Fetching lap count data...
2025-06-13 12:59:31,661 - INFO - Data has been written to cache!
2025-06-13 12:59:31,661 - INFO - No cached data found for track_status_data. Loading data...
2025-06-13 12:59:31,662 - INFO - Fetching track status data...
2025-06-13 12:59:32,000 - INFO - Data has been written to cache!
2025-06-13 12:59:32,001 - INFO - No cached data found for _extended_timing_data. Loading data...
2025-06-13 12:59:32,001 - INFO - Fetching timing data...
2025-06-13 12:59:33,338 - INFO - Parsing timing data...
2025-06-13 12:59:34,230 - INFO - Data has been written to cache!
2025-06-13 12:59:34,230 - INFO - No cached data found for timing_app_data. Loading data...
2025-06-13 12:59:34,231 - INFO - Fetching timing app data...
2025-06-13 12:59:34,660 - INFO - Data has been written to cache!
2025-06-13 12:59:34,661 - INFO - Processing timing data...
2025-06-13 12:59:35,247 - INFO - No cached data found for car_data. Loading data...
2025-06-13 12:59:35,248 - INFO - Fetching car data...
2025-06-13 12:59:36,407 - INFO - Parsing car data...
2025-06-13 12:59:39,380 - INFO - Data has been written to cache!
2025-06-13 12:59:39,382 - INFO - No cached data found for position_data. Loading data...
2025-06-13 12:59:39,383 - INFO - Fetching position data...
2025-06-13 12:59:40,506 - INFO - Parsing position data...
2025-06-13 12:59:43,212 - INFO - Data has been written to cache!
2025-06-13 12:59:43,991 - INFO - No cached data found for weather_data. Loading data...
2025-06-13 12:59:43,992 - INFO - Fetching weather data...
2025-06-13 12:59:44,335 - INFO - Data has been written to cache!
2025-06-13 12:59:44,338 - INFO - No cached data found for race_control_messages. Loading data...
2025-06-13 12:59:44,338 - INFO - Fetching race control messages...
2025-06-13 12:59:44,740 - INFO - Data has been written to cache!
2025-06-13 12:59:44,780 - INFO - Finished loading data for 20 drivers: ['1', '11', '55', '16', '63', '4', '44', '81', '14', '18', '24', '20', '3', '22', '23', '27', '31', '10', '77', '2']
2025-06-13 12:59:44,841 - INFO - [EXPORT OK] bahrain_grand_prix
2025-06-13 12:59:44,849 - INFO - Loading data for Saudi Arabian Grand Prix - Race [v3.5.3]
2025-06-13 12:59:44,849 - INFO - No cached data found for session_info. Loading data...
2025-06-13 12:59:44,849 - INFO - Fetching session info data...
2025-06-13 12:59:45,164 - INFO - Data has been written to cache!
2025-06-13 12:59:45,165 - INFO - No cached data found for driver_info. Loading data...
2025-06-13 12:59:45,165 - INFO - Fetching driver list...
2025-06-13 12:59:45,565 - INFO - Data has been written to cache!
2025-06-13 12:59:45,704 - INFO - No cached data found for session_status_data. Loading data...
2025-06-13 12:59:45,705 - INFO - Fetching session status data...
2025-06-13 12:59:46,162 - INFO - Data has been written to cache!
2025-06-13 12:59:46,164 - INFO - No cached data found for lap_count. Loading data...
2025-06-13 12:59:46,164 - INFO - Fetching lap count data...
2025-06-13 12:59:46,573 - INFO - Data has been written to cache!
2025-06-13 12:59:46,574 - INFO - No cached data found for track_status_data. Loading data...
2025-06-13 12:59:46,575 - INFO - Fetching track status data...
2025-06-13 12:59:46,910 - INFO - Data has been written to cache!
2025-06-13 12:59:46,911 - INFO - No cached data found for _extended_timing_data. Loading data...
2025-06-13 12:59:46,911 - INFO - Fetching timing data...
2025-06-13 12:59:47,746 - INFO - Parsing timing data...
2025-06-13 12:59:48,239 - WARNING - Failed to align laps for drivers: ['10']
2025-06-13 12:59:48,288 - INFO - Data has been written to cache!
2025-06-13 12:59:48,288 - INFO - No cached data found for timing_app_data. Loading data...
2025-06-13 12:59:48,289 - INFO - Fetching timing app data...
2025-06-13 12:59:48,816 - INFO - Data has been written to cache!
2025-06-13 12:59:48,817 - INFO - Processing timing data...
2025-06-13 12:59:49,344 - INFO - No cached data found for car_data. Loading data...
2025-06-13 12:59:49,345 - INFO - Fetching car data...
2025-06-13 12:59:50,176 - INFO - Parsing car data...
2025-06-13 12:59:52,621 - WARNING - Driver 55: Car data is incomplete!
2025-06-13 12:59:52,629 - WARNING - Driver 38: Car data is incomplete!
2025-06-13 12:59:52,734 - INFO - Data has been written to cache!
2025-06-13 12:59:52,736 - INFO - No cached data found for position_data. Loading data...
2025-06-13 12:59:52,737 - INFO - Fetching position data...
2025-06-13 12:59:53,807 - INFO - Parsing position data...
2025-06-13 12:59:56,305 - WARNING - Driver 55: Position data is incomplete!
2025-06-13 12:59:56,315 - WARNING - Driver 38: Position data is incomplete!
2025-06-13 12:59:56,321 - WARNING - Driver 241: Position data is incomplete!
2025-06-13 12:59:56,327 - WARNING - Driver 242: Position data is incomplete!
2025-06-13 12:59:56,333 - WARNING - Driver 243: Position data is incomplete!
2025-06-13 12:59:56,596 - INFO - Data has been written to cache!
2025-06-13 12:59:57,451 - INFO - No cached data found for weather_data. Loading data...
2025-06-13 12:59:57,452 - INFO - Fetching weather data...
2025-06-13 12:59:57,810 - INFO - Data has been written to cache!
2025-06-13 12:59:57,812 - INFO - No cached data found for race_control_messages. Loading data...
2025-06-13 12:59:57,812 - INFO - Fetching race control messages...
2025-06-13 12:59:58,163 - INFO - Data has been written to cache!
2025-06-13 12:59:58,212 - INFO - Finished loading data for 20 drivers: ['1', '11', '16', '81', '14', '63', '38', '4', '44', '27', '23', '20', '31', '2', '22', '3', '77', '24', '18', '10']
2025-06-13 12:59:58,252 - INFO - [EXPORT OK] saudi_arabian_grand_prix
2025-06-13 12:59:58,258 - INFO - Loading data for Australian Grand Prix - Race [v3.5.3]
2025-06-13 12:59:58,259 - INFO - No cached data found for session_info. Loading data...
2025-06-13 12:59:58,259 - INFO - Fetching session info data...
2025-06-13 12:59:58,587 - INFO - Data has been written to cache!
2025-06-13 12:59:58,588 - INFO - No cached data found for driver_info. Loading data...
2025-06-13 12:59:58,588 - INFO - Fetching driver list...
2025-06-13 12:59:59,068 - INFO - Data has been written to cache!
2025-06-13 12:59:59,201 - DEBUG - Failed to parse timestamp '-1:57:37.891' in Ergastresponse.
2025-06-13 12:59:59,212 - INFO - No cached data found for session_status_data. Loading data...
2025-06-13 12:59:59,212 - INFO - Fetching session status data...
2025-06-13 12:59:59,673 - INFO - Data has been written to cache!
2025-06-13 12:59:59,675 - INFO - No cached data found for lap_count. Loading data...
2025-06-13 12:59:59,676 - INFO - Fetching lap count data...
2025-06-13 13:00:00,026 - INFO - Data has been written to cache!
2025-06-13 13:00:00,027 - INFO - No cached data found for track_status_data. Loading data...
2025-06-13 13:00:00,027 - INFO - Fetching track status data...
2025-06-13 13:00:00,389 - INFO - Data has been written to cache!
2025-06-13 13:00:00,391 - INFO - No cached data found for _extended_timing_data. Loading data...
2025-06-13 13:00:00,391 - INFO - Fetching timing data...
2025-06-13 13:00:01,604 - INFO - Parsing timing data...
2025-06-13 13:00:02,145 - INFO - Data has been written to cache!
2025-06-13 13:00:02,146 - INFO - No cached data found for timing_app_data. Loading data...
2025-06-13 13:00:02,146 - INFO - Fetching timing app data...
2025-06-13 13:00:02,684 - INFO - Data has been written to cache!
2025-06-13 13:00:02,685 - INFO - Processing timing data...
2025-06-13 13:00:03,231 - INFO - No cached data found for car_data. Loading data...
2025-06-13 13:00:03,232 - INFO - Fetching car data...
2025-06-13 13:00:04,335 - INFO - Parsing car data...
2025-06-13 13:00:06,887 - INFO - Data has been written to cache!
2025-06-13 13:00:06,887 - INFO - No cached data found for position_data. Loading data...
2025-06-13 13:00:06,887 - INFO - Fetching position data...
2025-06-13 13:00:07,993 - INFO - Parsing position data...
2025-06-13 13:00:10,565 - INFO - Data has been written to cache!
2025-06-13 13:00:11,395 - INFO - No cached data found for weather_data. Loading data...
2025-06-13 13:00:11,396 - INFO - Fetching weather data...
2025-06-13 13:00:11,748 - INFO - Data has been written to cache!
2025-06-13 13:00:11,750 - INFO - No cached data found for race_control_messages. Loading data...
2025-06-13 13:00:11,750 - INFO - Fetching race control messages...
2025-06-13 13:00:12,110 - INFO - Data has been written to cache!
2025-06-13 13:00:12,163 - INFO - Finished loading data for 19 drivers: ['55', '16', '4', '81', '11', '18', '22', '14', '27', '20', '23', '3', '10', '77', '24', '31', '63', '44', '1']
2025-06-13 13:00:12,216 - INFO - [EXPORT OK] australian_grand_prix
2025-06-13 13:00:12,224 - INFO - Loading data for Japanese Grand Prix - Race [v3.5.3]
2025-06-13 13:00:12,225 - INFO - No cached data found for session_info. Loading data...
2025-06-13 13:00:12,225 - INFO - Fetching session info data...
2025-06-13 13:00:12,671 - INFO - Data has been written to cache!
2025-06-13 13:00:12,672 - INFO - No cached data found for driver_info. Loading data...
2025-06-13 13:00:12,673 - INFO - Fetching driver list...
2025-06-13 13:00:13,176 - INFO - Data has been written to cache!
2025-06-13 13:00:13,322 - INFO - No cached data found for session_status_data. Loading data...
2025-06-13 13:00:13,322 - INFO - Fetching session status data...
2025-06-13 13:00:13,762 - INFO - Data has been written to cache!
2025-06-13 13:00:13,763 - INFO - No cached data found for lap_count. Loading data...
2025-06-13 13:00:13,764 - INFO - Fetching lap count data...
2025-06-13 13:00:14,107 - INFO - Data has been written to cache!
2025-06-13 13:00:14,108 - INFO - No cached data found for track_status_data. Loading data...
2025-06-13 13:00:14,109 - INFO - Fetching track status data...
2025-06-13 13:00:14,451 - INFO - Data has been written to cache!
2025-06-13 13:00:14,453 - INFO - No cached data found for _extended_timing_data. Loading data...
2025-06-13 13:00:14,454 - INFO - Fetching timing data...
2025-06-13 13:00:15,341 - INFO - Parsing timing data...
2025-06-13 13:00:15,880 - INFO - Data has been written to cache!
2025-06-13 13:00:15,881 - INFO - No cached data found for timing_app_data. Loading data...
2025-06-13 13:00:15,881 - INFO - Fetching timing app data...
2025-06-13 13:00:16,335 - INFO - Data has been written to cache!
2025-06-13 13:00:16,335 - INFO - Processing timing data...
2025-06-13 13:00:16,861 - INFO - No cached data found for car_data. Loading data...
2025-06-13 13:00:16,861 - INFO - Fetching car data...
2025-06-13 13:00:17,749 - INFO - Parsing car data...
2025-06-13 13:00:20,935 - INFO - Data has been written to cache!
2025-06-13 13:00:20,937 - INFO - No cached data found for position_data. Loading data...
2025-06-13 13:00:20,937 - INFO - Fetching position data...
2025-06-13 13:00:21,716 - INFO - Parsing position data...
2025-06-13 13:00:25,164 - INFO - Data has been written to cache!
2025-06-13 13:00:26,024 - INFO - No cached data found for weather_data. Loading data...
2025-06-13 13:00:26,025 - INFO - Fetching weather data...
2025-06-13 13:00:26,379 - INFO - Data has been written to cache!
2025-06-13 13:00:26,381 - INFO - No cached data found for race_control_messages. Loading data...
2025-06-13 13:00:26,381 - INFO - Fetching race control messages...
2025-06-13 13:00:26,742 - INFO - Data has been written to cache!
2025-06-13 13:00:26,775 - INFO - Finished loading data for 20 drivers: ['1', '11', '55', '16', '4', '14', '63', '81', '44', '22', '27', '18', '20', '77', '31', '10', '2', '24', '3', '23']
2025-06-13 13:00:26,925 - INFO - [EXPORT OK] japanese_grand_prix
2025-06-13 13:00:26,933 - INFO - Loading data for Emilia Romagna Grand Prix - Race [v3.5.3]
2025-06-13 13:00:26,934 - INFO - No cached data found for session_info. Loading data...
2025-06-13 13:00:26,934 - INFO - Fetching session info data...
2025-06-13 13:00:27,262 - INFO - Data has been written to cache!
2025-06-13 13:00:27,262 - INFO - No cached data found for driver_info. Loading data...
2025-06-13 13:00:27,263 - INFO - Fetching driver list...
2025-06-13 13:00:27,614 - INFO - Data has been written to cache!
2025-06-13 13:00:27,861 - INFO - No cached data found for session_status_data. Loading data...
2025-06-13 13:00:27,862 - INFO - Fetching session status data...
2025-06-13 13:00:28,182 - INFO - Data has been written to cache!
2025-06-13 13:00:28,184 - INFO - No cached data found for lap_count. Loading data...
2025-06-13 13:00:28,185 - INFO - Fetching lap count data...
2025-06-13 13:00:28,557 - INFO - Data has been written to cache!
2025-06-13 13:00:28,558 - INFO - No cached data found for track_status_data. Loading data...
2025-06-13 13:00:28,559 - INFO - Fetching track status data...
2025-06-13 13:00:28,894 - INFO - Data has been written to cache!
2025-06-13 13:00:28,896 - INFO - No cached data found for _extended_timing_data. Loading data...
2025-06-13 13:00:28,896 - INFO - Fetching timing data...
2025-06-13 13:00:29,714 - INFO - Parsing timing data...
2025-06-13 13:00:30,348 - INFO - Data has been written to cache!
2025-06-13 13:00:30,348 - INFO - No cached data found for timing_app_data. Loading data...
2025-06-13 13:00:30,348 - INFO - Fetching timing app data...
2025-06-13 13:00:30,923 - INFO - Data has been written to cache!
2025-06-13 13:00:30,924 - INFO - Processing timing data...
2025-06-13 13:00:31,476 - INFO - No cached data found for car_data. Loading data...
2025-06-13 13:00:31,477 - INFO - Fetching car data...
2025-06-13 13:00:32,649 - INFO - Parsing car data...
2025-06-13 13:00:35,434 - INFO - Data has been written to cache!
2025-06-13 13:00:35,439 - INFO - No cached data found for position_data. Loading data...
2025-06-13 13:00:35,439 - INFO - Fetching position data...
2025-06-13 13:00:36,513 - INFO - Parsing position data...
2025-06-13 13:00:39,123 - INFO - Data has been written to cache!
2025-06-13 13:00:39,828 - INFO - No cached data found for weather_data. Loading data...
2025-06-13 13:00:39,828 - INFO - Fetching weather data...
2025-06-13 13:00:40,227 - INFO - Data has been written to cache!
2025-06-13 13:00:40,229 - INFO - No cached data found for race_control_messages. Loading data...
2025-06-13 13:00:40,230 - INFO - Fetching race control messages...
2025-06-13 13:00:40,578 - INFO - Data has been written to cache!
2025-06-13 13:00:40,620 - INFO - Finished loading data for 20 drivers: ['1', '4', '16', '81', '55', '44', '63', '11', '18', '22', '27', '20', '3', '31', '24', '10', '2', '77', '14', '23']
2025-06-13 13:00:40,733 - INFO - [EXPORT OK] emilia_romagna_grand_prix
2025-06-13 13:00:40,739 - INFO - Loading data for Monaco Grand Prix - Race [v3.5.3]
2025-06-13 13:00:40,740 - INFO - No cached data found for session_info. Loading data...
2025-06-13 13:00:40,740 - INFO - Fetching session info data...
2025-06-13 13:00:41,137 - INFO - Data has been written to cache!
2025-06-13 13:00:41,139 - INFO - No cached data found for driver_info. Loading data...
2025-06-13 13:00:41,140 - INFO - Fetching driver list...
2025-06-13 13:00:41,497 - INFO - Data has been written to cache!
2025-06-13 13:00:41,642 - INFO - No cached data found for session_status_data. Loading data...
2025-06-13 13:00:41,643 - INFO - Fetching session status data...
2025-06-13 13:00:42,083 - INFO - Data has been written to cache!
2025-06-13 13:00:42,085 - INFO - No cached data found for lap_count. Loading data...
2025-06-13 13:00:42,085 - INFO - Fetching lap count data...
2025-06-13 13:00:42,472 - INFO - Data has been written to cache!
2025-06-13 13:00:42,473 - INFO - No cached data found for track_status_data. Loading data...
2025-06-13 13:00:42,474 - INFO - Fetching track status data...
2025-06-13 13:00:42,808 - INFO - Data has been written to cache!
2025-06-13 13:00:42,810 - INFO - No cached data found for _extended_timing_data. Loading data...
2025-06-13 13:00:42,811 - INFO - Fetching timing data...
2025-06-13 13:00:43,655 - INFO - Parsing timing data...
2025-06-13 13:00:44,300 - INFO - Data has been written to cache!
2025-06-13 13:00:44,300 - INFO - No cached data found for timing_app_data. Loading data...
2025-06-13 13:00:44,300 - INFO - Fetching timing app data...
2025-06-13 13:00:44,686 - INFO - Data has been written to cache!
2025-06-13 13:00:44,687 - INFO - Processing timing data...
2025-06-13 13:00:45,292 - INFO - No cached data found for car_data. Loading data...
2025-06-13 13:00:45,292 - INFO - Fetching car data...
2025-06-13 13:00:46,279 - INFO - Parsing car data...
2025-06-13 13:00:49,746 - INFO - Data has been written to cache!
2025-06-13 13:00:49,747 - INFO - No cached data found for position_data. Loading data...
2025-06-13 13:00:49,747 - INFO - Fetching position data...
2025-06-13 13:00:50,637 - INFO - Parsing position data...
2025-06-13 13:00:54,630 - WARNING - Driver 241: Position data is incomplete!
2025-06-13 13:00:54,640 - WARNING - Driver 242: Position data is incomplete!
2025-06-13 13:00:54,647 - WARNING - Driver 243: Position data is incomplete!
2025-06-13 13:00:55,232 - INFO - Data has been written to cache!
2025-06-13 13:00:56,676 - INFO - No cached data found for weather_data. Loading data...
2025-06-13 13:00:56,677 - INFO - Fetching weather data...
2025-06-13 13:00:57,017 - INFO - Data has been written to cache!
2025-06-13 13:00:57,021 - INFO - No cached data found for race_control_messages. Loading data...
2025-06-13 13:00:57,021 - INFO - Fetching race control messages...
2025-06-13 13:00:57,377 - INFO - Data has been written to cache!
2025-06-13 13:00:57,418 - INFO - Finished loading data for 20 drivers: ['16', '81', '55', '4', '63', '1', '44', '22', '23', '10', '14', '3', '77', '18', '2', '24', '31', '11', '27', '20']
2025-06-13 13:00:57,483 - INFO - [EXPORT OK] monaco_grand_prix
2025-06-13 13:00:57,490 - INFO - Loading data for Canadian Grand Prix - Race [v3.5.3]
2025-06-13 13:00:57,491 - INFO - No cached data found for session_info. Loading data...
2025-06-13 13:00:57,491 - INFO - Fetching session info data...
2025-06-13 13:00:57,815 - INFO - Data has been written to cache!
2025-06-13 13:00:57,816 - INFO - No cached data found for driver_info. Loading data...
2025-06-13 13:00:57,817 - INFO - Fetching driver list...
2025-06-13 13:00:58,163 - INFO - Data has been written to cache!
2025-06-13 13:00:58,319 - INFO - No cached data found for session_status_data. Loading data...
2025-06-13 13:00:58,320 - INFO - Fetching session status data...
2025-06-13 13:00:58,742 - INFO - Data has been written to cache!
2025-06-13 13:00:58,744 - INFO - No cached data found for lap_count. Loading data...
2025-06-13 13:00:58,744 - INFO - Fetching lap count data...
2025-06-13 13:00:59,107 - INFO - Data has been written to cache!
2025-06-13 13:00:59,108 - INFO - No cached data found for track_status_data. Loading data...
2025-06-13 13:00:59,108 - INFO - Fetching track status data...
2025-06-13 13:00:59,464 - INFO - Data has been written to cache!
2025-06-13 13:00:59,468 - INFO - No cached data found for _extended_timing_data. Loading data...
2025-06-13 13:00:59,469 - INFO - Fetching timing data...
2025-06-13 13:01:00,372 - INFO - Parsing timing data...
2025-06-13 13:01:01,070 - INFO - Data has been written to cache!
2025-06-13 13:01:01,071 - INFO - No cached data found for timing_app_data. Loading data...
2025-06-13 13:01:01,071 - INFO - Fetching timing app data...
2025-06-13 13:01:01,530 - INFO - Data has been written to cache!
2025-06-13 13:01:01,531 - INFO - Processing timing data...
2025-06-13 13:01:02,383 - INFO - No cached data found for car_data. Loading data...
2025-06-13 13:01:02,387 - INFO - Fetching car data...
2025-06-13 13:01:03,183 - INFO - Parsing car data...
2025-06-13 13:01:05,335 - INFO - Data has been written to cache!
2025-06-13 13:01:05,339 - INFO - No cached data found for position_data. Loading data...
2025-06-13 13:01:05,339 - INFO - Fetching position data...
2025-06-13 13:01:06,068 - INFO - Parsing position data...
2025-06-13 13:01:07,964 - WARNING - Driver 241: Position data is incomplete!
2025-06-13 13:01:07,968 - WARNING - Driver 242: Position data is incomplete!
2025-06-13 13:01:07,973 - WARNING - Driver 243: Position data is incomplete!
2025-06-13 13:01:08,127 - INFO - Data has been written to cache!
2025-06-13 13:01:08,697 - INFO - No cached data found for weather_data. Loading data...
2025-06-13 13:01:08,698 - INFO - Fetching weather data...
2025-06-13 13:01:09,074 - INFO - Data has been written to cache!
2025-06-13 13:01:09,076 - INFO - No cached data found for race_control_messages. Loading data...
2025-06-13 13:01:09,076 - INFO - Fetching race control messages...
2025-06-13 13:01:09,515 - INFO - Data has been written to cache!
2025-06-13 13:01:09,590 - INFO - Finished loading data for 20 drivers: ['1', '4', '63', '44', '81', '14', '18', '3', '10', '31', '27', '20', '77', '22', '24', '55', '23', '11', '16', '2']
2025-06-13 13:01:09,647 - INFO - [EXPORT OK] canadian_grand_prix
2025-06-13 13:01:09,653 - INFO - Loading data for Spanish Grand Prix - Race [v3.5.3]
2025-06-13 13:01:09,654 - INFO - No cached data found for session_info. Loading data...
2025-06-13 13:01:09,654 - INFO - Fetching session info data...
2025-06-13 13:01:09,964 - INFO - Data has been written to cache!
2025-06-13 13:01:09,965 - INFO - No cached data found for driver_info. Loading data...
2025-06-13 13:01:09,966 - INFO - Fetching driver list...
2025-06-13 13:01:10,326 - INFO - Data has been written to cache!
2025-06-13 13:01:10,463 - INFO - No cached data found for session_status_data. Loading data...
2025-06-13 13:01:10,464 - INFO - Fetching session status data...
2025-06-13 13:01:10,914 - INFO - Data has been written to cache!
2025-06-13 13:01:10,916 - INFO - No cached data found for lap_count. Loading data...
2025-06-13 13:01:10,917 - INFO - Fetching lap count data...
2025-06-13 13:01:11,269 - INFO - Data has been written to cache!
2025-06-13 13:01:11,270 - INFO - No cached data found for track_status_data. Loading data...
2025-06-13 13:01:11,271 - INFO - Fetching track status data...
2025-06-13 13:01:11,589 - INFO - Data has been written to cache!
2025-06-13 13:01:11,597 - INFO - No cached data found for _extended_timing_data. Loading data...
2025-06-13 13:01:11,598 - INFO - Fetching timing data...
2025-06-13 13:01:12,575 - INFO - Parsing timing data...
2025-06-13 13:01:13,306 - INFO - Data has been written to cache!
2025-06-13 13:01:13,316 - INFO - No cached data found for timing_app_data. Loading data...
2025-06-13 13:01:13,316 - INFO - Fetching timing app data...
2025-06-13 13:01:13,744 - INFO - Data has been written to cache!
2025-06-13 13:01:13,744 - INFO - Processing timing data...
2025-06-13 13:01:14,342 - INFO - No cached data found for car_data. Loading data...
2025-06-13 13:01:14,344 - INFO - Fetching car data...
2025-06-13 13:01:15,172 - INFO - Parsing car data...
2025-06-13 13:01:18,088 - INFO - Data has been written to cache!
2025-06-13 13:01:18,096 - INFO - No cached data found for position_data. Loading data...
2025-06-13 13:01:18,097 - INFO - Fetching position data...
2025-06-13 13:01:18,810 - INFO - Parsing position data...
2025-06-13 13:01:21,959 - INFO - Data has been written to cache!
2025-06-13 13:01:22,795 - INFO - No cached data found for weather_data. Loading data...
2025-06-13 13:01:22,796 - INFO - Fetching weather data...
2025-06-13 13:01:23,145 - INFO - Data has been written to cache!
2025-06-13 13:01:23,147 - INFO - No cached data found for race_control_messages. Loading data...
2025-06-13 13:01:23,147 - INFO - Fetching race control messages...
2025-06-13 13:01:23,519 - INFO - Data has been written to cache!
2025-06-13 13:01:23,525 - WARNING - Driver 1 completed the race distance 00:00.015000 before the recorded end of the session.
2025-06-13 13:01:23,562 - INFO - Finished loading data for 20 drivers: ['1', '4', '44', '63', '16', '55', '81', '11', '10', '31', '27', '14', '24', '18', '3', '77', '20', '23', '22', '2']
2025-06-13 13:01:23,644 - INFO - [EXPORT OK] spanish_grand_prix
2025-06-13 13:01:23,651 - INFO - Loading data for British Grand Prix - Race [v3.5.3]
2025-06-13 13:01:23,652 - INFO - No cached data found for session_info. Loading data...
2025-06-13 13:01:23,652 - INFO - Fetching session info data...
2025-06-13 13:01:24,045 - INFO - Data has been written to cache!
2025-06-13 13:01:24,046 - INFO - No cached data found for driver_info. Loading data...
2025-06-13 13:01:24,047 - INFO - Fetching driver list...
2025-06-13 13:01:24,403 - INFO - Data has been written to cache!
2025-06-13 13:01:24,542 - INFO - No cached data found for session_status_data. Loading data...
2025-06-13 13:01:24,543 - INFO - Fetching session status data...
2025-06-13 13:01:25,032 - INFO - Data has been written to cache!
2025-06-13 13:01:25,034 - INFO - No cached data found for lap_count. Loading data...
2025-06-13 13:01:25,034 - INFO - Fetching lap count data...
2025-06-13 13:01:25,473 - INFO - Data has been written to cache!
2025-06-13 13:01:25,475 - INFO - No cached data found for track_status_data. Loading data...
2025-06-13 13:01:25,476 - INFO - Fetching track status data...
2025-06-13 13:01:25,800 - INFO - Data has been written to cache!
2025-06-13 13:01:25,803 - INFO - No cached data found for _extended_timing_data. Loading data...
2025-06-13 13:01:25,803 - INFO - Fetching timing data...
2025-06-13 13:01:27,168 - INFO - Parsing timing data...
2025-06-13 13:01:27,761 - INFO - Data has been written to cache!
2025-06-13 13:01:27,761 - INFO - No cached data found for timing_app_data. Loading data...
2025-06-13 13:01:27,762 - INFO - Fetching timing app data...
2025-06-13 13:01:28,179 - INFO - Data has been written to cache!
2025-06-13 13:01:28,179 - INFO - Processing timing data...
2025-06-13 13:01:28,753 - INFO - No cached data found for car_data. Loading data...
2025-06-13 13:01:28,754 - INFO - Fetching car data...
2025-06-13 13:01:29,557 - INFO - Parsing car data...
2025-06-13 13:01:32,295 - WARNING - Driver 21: Car data is incomplete!
2025-06-13 13:01:32,311 - WARNING - Driver  3: Car data is incomplete!
2025-06-13 13:01:32,382 - INFO - Data has been written to cache!
2025-06-13 13:01:32,383 - INFO - No cached data found for position_data. Loading data...
2025-06-13 13:01:32,383 - INFO - Fetching position data...
2025-06-13 13:01:33,081 - INFO - Parsing position data...
2025-06-13 13:01:35,660 - WARNING - Driver 21: Position data is incomplete!
2025-06-13 13:01:35,666 - WARNING - Driver  3: Position data is incomplete!
2025-06-13 13:01:35,838 - INFO - Data has been written to cache!
2025-06-13 13:01:36,647 - INFO - No cached data found for weather_data. Loading data...
2025-06-13 13:01:36,647 - INFO - Fetching weather data...
2025-06-13 13:01:36,990 - INFO - Data has been written to cache!
2025-06-13 13:01:36,993 - INFO - No cached data found for race_control_messages. Loading data...
2025-06-13 13:01:36,993 - INFO - Fetching race control messages...
2025-06-13 13:01:37,347 - INFO - Data has been written to cache!
2025-06-13 13:01:37,389 - INFO - Finished loading data for 20 drivers: ['44', '1', '4', '81', '55', '27', '18', '14', '23', '22', '2', '20', '3', '16', '77', '31', '11', '24', '63', '10']
2025-06-13 13:01:37,436 - INFO - [EXPORT OK] british_grand_prix
2025-06-13 13:01:37,442 - INFO - Loading data for Hungarian Grand Prix - Race [v3.5.3]
2025-06-13 13:01:37,442 - INFO - No cached data found for session_info. Loading data...
2025-06-13 13:01:37,443 - INFO - Fetching session info data...
2025-06-13 13:01:37,782 - INFO - Data has been written to cache!
2025-06-13 13:01:37,783 - INFO - No cached data found for driver_info. Loading data...
2025-06-13 13:01:37,784 - INFO - Fetching driver list...
2025-06-13 13:01:38,184 - INFO - Data has been written to cache!
2025-06-13 13:01:38,347 - INFO - No cached data found for session_status_data. Loading data...
2025-06-13 13:01:38,349 - INFO - Fetching session status data...
2025-06-13 13:01:38,794 - INFO - Data has been written to cache!
2025-06-13 13:01:38,797 - INFO - No cached data found for lap_count. Loading data...
2025-06-13 13:01:38,797 - INFO - Fetching lap count data...
2025-06-13 13:01:40,161 - INFO - Data has been written to cache!
2025-06-13 13:01:40,162 - INFO - No cached data found for track_status_data. Loading data...
2025-06-13 13:01:40,162 - INFO - Fetching track status data...
2025-06-13 13:01:40,520 - INFO - Data has been written to cache!
2025-06-13 13:01:40,522 - INFO - No cached data found for _extended_timing_data. Loading data...
2025-06-13 13:01:40,523 - INFO - Fetching timing data...
2025-06-13 13:01:41,471 - INFO - Parsing timing data...
2025-06-13 13:01:42,540 - INFO - Data has been written to cache!
2025-06-13 13:01:42,541 - INFO - No cached data found for timing_app_data. Loading data...
2025-06-13 13:01:42,541 - INFO - Fetching timing app data...
2025-06-13 13:01:42,964 - INFO - Data has been written to cache!
2025-06-13 13:01:42,964 - INFO - Processing timing data...
2025-06-13 13:01:43,714 - INFO - No cached data found for car_data. Loading data...
2025-06-13 13:01:43,714 - INFO - Fetching car data...
2025-06-13 13:01:44,548 - INFO - Parsing car data...
2025-06-13 13:01:47,959 - INFO - Data has been written to cache!
2025-06-13 13:01:47,962 - INFO - No cached data found for position_data. Loading data...
2025-06-13 13:01:47,962 - INFO - Fetching position data...
2025-06-13 13:01:48,646 - INFO - Parsing position data...
2025-06-13 13:01:52,170 - INFO - Data has been written to cache!
2025-06-13 13:01:53,163 - INFO - No cached data found for weather_data. Loading data...
2025-06-13 13:01:53,170 - INFO - Fetching weather data...
2025-06-13 13:01:53,528 - INFO - Data has been written to cache!
2025-06-13 13:01:53,529 - INFO - No cached data found for race_control_messages. Loading data...
2025-06-13 13:01:53,529 - INFO - Fetching race control messages...
2025-06-13 13:01:53,868 - INFO - Data has been written to cache!
2025-06-13 13:01:53,896 - INFO - Finished loading data for 20 drivers: ['81', '4', '44', '16', '1', '55', '11', '63', '22', '18', '14', '3', '27', '23', '20', '77', '2', '31', '24', '10']
2025-06-13 13:01:53,968 - INFO - [EXPORT OK] hungarian_grand_prix
2025-06-13 13:01:53,976 - INFO - Loading data for Belgian Grand Prix - Race [v3.5.3]
2025-06-13 13:01:53,976 - INFO - No cached data found for session_info. Loading data...
2025-06-13 13:01:53,977 - INFO - Fetching session info data...
2025-06-13 13:01:54,333 - INFO - Data has been written to cache!
2025-06-13 13:01:54,334 - INFO - No cached data found for driver_info. Loading data...
2025-06-13 13:01:54,335 - INFO - Fetching driver list...
2025-06-13 13:01:54,706 - INFO - Data has been written to cache!
2025-06-13 13:01:54,832 - DEBUG - Failed to parse timestamp '-1:59:59.474' in Ergastresponse.
2025-06-13 13:01:54,847 - INFO - No cached data found for session_status_data. Loading data...
2025-06-13 13:01:54,847 - INFO - Fetching session status data...
2025-06-13 13:01:55,381 - INFO - Data has been written to cache!
2025-06-13 13:01:55,383 - INFO - No cached data found for lap_count. Loading data...
2025-06-13 13:01:55,383 - INFO - Fetching lap count data...
2025-06-13 13:01:55,706 - INFO - Data has been written to cache!
2025-06-13 13:01:55,707 - INFO - No cached data found for track_status_data. Loading data...
2025-06-13 13:01:55,708 - INFO - Fetching track status data...
2025-06-13 13:01:56,048 - INFO - Data has been written to cache!
2025-06-13 13:01:56,050 - INFO - No cached data found for _extended_timing_data. Loading data...
2025-06-13 13:01:56,050 - INFO - Fetching timing data...
2025-06-13 13:01:57,617 - INFO - Parsing timing data...
2025-06-13 13:01:58,586 - INFO - Data has been written to cache!
2025-06-13 13:01:58,595 - INFO - No cached data found for timing_app_data. Loading data...
2025-06-13 13:01:58,595 - INFO - Fetching timing app data...
2025-06-13 13:01:58,978 - INFO - Data has been written to cache!
2025-06-13 13:01:58,979 - INFO - Processing timing data...
2025-06-13 13:01:59,545 - INFO - No cached data found for car_data. Loading data...
2025-06-13 13:01:59,545 - INFO - Fetching car data...
2025-06-13 13:02:00,367 - INFO - Parsing car data...
2025-06-13 13:02:03,263 - INFO - Data has been written to cache!
2025-06-13 13:02:03,264 - INFO - No cached data found for position_data. Loading data...
2025-06-13 13:02:03,265 - INFO - Fetching position data...
2025-06-13 13:02:03,977 - INFO - Parsing position data...
2025-06-13 13:02:06,780 - INFO - Data has been written to cache!
2025-06-13 13:02:07,542 - INFO - No cached data found for weather_data. Loading data...
2025-06-13 13:02:07,543 - INFO - Fetching weather data...
2025-06-13 13:02:08,084 - INFO - Data has been written to cache!
2025-06-13 13:02:08,086 - INFO - No cached data found for race_control_messages. Loading data...
2025-06-13 13:02:08,087 - INFO - Fetching race control messages...
2025-06-13 13:02:08,487 - INFO - Data has been written to cache!
2025-06-13 13:02:08,519 - INFO - Finished loading data for 20 drivers: ['44', '81', '16', '1', '4', '55', '11', '14', '31', '3', '18', '23', '10', '20', '77', '22', '2', '27', '24', '63']
2025-06-13 13:02:08,560 - INFO - [EXPORT OK] belgian_grand_prix
2025-06-13 13:02:08,566 - INFO - Loading data for Dutch Grand Prix - Race [v3.5.3]
2025-06-13 13:02:08,567 - INFO - No cached data found for session_info. Loading data...
2025-06-13 13:02:08,567 - INFO - Fetching session info data...
2025-06-13 13:02:09,097 - INFO - Data has been written to cache!
2025-06-13 13:02:09,098 - INFO - No cached data found for driver_info. Loading data...
2025-06-13 13:02:09,098 - INFO - Fetching driver list...
2025-06-13 13:02:09,470 - INFO - Data has been written to cache!
2025-06-13 13:02:09,623 - INFO - No cached data found for session_status_data. Loading data...
2025-06-13 13:02:09,624 - INFO - Fetching session status data...
2025-06-13 13:02:10,219 - INFO - Data has been written to cache!
2025-06-13 13:02:10,220 - INFO - No cached data found for lap_count. Loading data...
2025-06-13 13:02:10,221 - INFO - Fetching lap count data...
2025-06-13 13:02:10,552 - INFO - Data has been written to cache!
2025-06-13 13:02:10,555 - INFO - No cached data found for track_status_data. Loading data...
2025-06-13 13:02:10,555 - INFO - Fetching track status data...
2025-06-13 13:02:10,878 - INFO - Data has been written to cache!
2025-06-13 13:02:10,880 - INFO - No cached data found for _extended_timing_data. Loading data...
2025-06-13 13:02:10,880 - INFO - Fetching timing data...
2025-06-13 13:02:12,334 - INFO - Parsing timing data...
2025-06-13 13:02:13,229 - INFO - Data has been written to cache!
2025-06-13 13:02:13,229 - INFO - No cached data found for timing_app_data. Loading data...
2025-06-13 13:02:13,230 - INFO - Fetching timing app data...
2025-06-13 13:02:13,781 - INFO - Data has been written to cache!
2025-06-13 13:02:13,781 - INFO - Processing timing data...
2025-06-13 13:02:14,441 - INFO - No cached data found for car_data. Loading data...
2025-06-13 13:02:14,441 - INFO - Fetching car data...
2025-06-13 13:02:15,245 - INFO - Parsing car data...
2025-06-13 13:02:18,108 - INFO - Data has been written to cache!
2025-06-13 13:02:18,112 - INFO - No cached data found for position_data. Loading data...
2025-06-13 13:02:18,113 - INFO - Fetching position data...
2025-06-13 13:02:18,949 - INFO - Parsing position data...
2025-06-13 13:02:22,764 - INFO - Data has been written to cache!
2025-06-13 13:02:23,563 - INFO - No cached data found for weather_data. Loading data...
2025-06-13 13:02:23,564 - INFO - Fetching weather data...
2025-06-13 13:02:23,936 - INFO - Data has been written to cache!
2025-06-13 13:02:23,938 - INFO - No cached data found for race_control_messages. Loading data...
2025-06-13 13:02:23,939 - INFO - Fetching race control messages...
2025-06-13 13:02:24,370 - INFO - Data has been written to cache!
2025-06-13 13:02:24,401 - INFO - Finished loading data for 20 drivers: ['4', '1', '16', '81', '55', '11', '63', '44', '10', '14', '27', '3', '18', '23', '31', '2', '22', '20', '77', '24']
2025-06-13 13:02:24,463 - INFO - [EXPORT OK] dutch_grand_prix
2025-06-13 13:02:24,470 - INFO - Loading data for Italian Grand Prix - Race [v3.5.3]
2025-06-13 13:02:24,471 - INFO - No cached data found for session_info. Loading data...
2025-06-13 13:02:24,471 - INFO - Fetching session info data...
2025-06-13 13:02:24,869 - INFO - Data has been written to cache!
2025-06-13 13:02:24,870 - INFO - No cached data found for driver_info. Loading data...
2025-06-13 13:02:24,871 - INFO - Fetching driver list...
2025-06-13 13:02:25,232 - INFO - Data has been written to cache!
2025-06-13 13:02:25,444 - INFO - No cached data found for session_status_data. Loading data...
2025-06-13 13:02:25,445 - INFO - Fetching session status data...
2025-06-13 13:02:25,807 - INFO - Data has been written to cache!
2025-06-13 13:02:25,809 - INFO - No cached data found for lap_count. Loading data...
2025-06-13 13:02:25,810 - INFO - Fetching lap count data...
2025-06-13 13:02:26,139 - INFO - Data has been written to cache!
2025-06-13 13:02:26,140 - INFO - No cached data found for track_status_data. Loading data...
2025-06-13 13:02:26,140 - INFO - Fetching track status data...
2025-06-13 13:02:26,501 - INFO - Data has been written to cache!
2025-06-13 13:02:26,503 - INFO - No cached data found for _extended_timing_data. Loading data...
2025-06-13 13:02:26,504 - INFO - Fetching timing data...
2025-06-13 13:02:27,769 - INFO - Parsing timing data...
2025-06-13 13:02:28,318 - INFO - Data has been written to cache!
2025-06-13 13:02:28,318 - INFO - No cached data found for timing_app_data. Loading data...
2025-06-13 13:02:28,318 - INFO - Fetching timing app data...
2025-06-13 13:02:28,760 - INFO - Data has been written to cache!
2025-06-13 13:02:28,760 - INFO - Processing timing data...
2025-06-13 13:02:29,796 - INFO - No cached data found for car_data. Loading data...
2025-06-13 13:02:29,797 - INFO - Fetching car data...
2025-06-13 13:02:30,893 - INFO - Parsing car data...
2025-06-13 13:02:33,236 - INFO - Data has been written to cache!
2025-06-13 13:02:33,237 - INFO - No cached data found for position_data. Loading data...
2025-06-13 13:02:33,237 - INFO - Fetching position data...
2025-06-13 13:02:34,308 - INFO - Parsing position data...
2025-06-13 13:02:36,695 - INFO - Data has been written to cache!
2025-06-13 13:02:37,377 - INFO - No cached data found for weather_data. Loading data...
2025-06-13 13:02:37,378 - INFO - Fetching weather data...
2025-06-13 13:02:37,786 - INFO - Data has been written to cache!
2025-06-13 13:02:37,789 - INFO - No cached data found for race_control_messages. Loading data...
2025-06-13 13:02:37,789 - INFO - Fetching race control messages...
2025-06-13 13:02:38,143 - INFO - Data has been written to cache!
2025-06-13 13:02:38,183 - INFO - Finished loading data for 20 drivers: ['16', '81', '4', '55', '44', '1', '63', '11', '23', '20', '14', '43', '3', '31', '10', '77', '27', '24', '18', '22']
2025-06-13 13:02:38,232 - INFO - [EXPORT OK] italian_grand_prix
2025-06-13 13:02:38,238 - INFO - Loading data for Azerbaijan Grand Prix - Race [v3.5.3]
2025-06-13 13:02:38,238 - INFO - No cached data found for session_info. Loading data...
2025-06-13 13:02:38,239 - INFO - Fetching session info data...
2025-06-13 13:02:38,586 - INFO - Data has been written to cache!
2025-06-13 13:02:38,588 - INFO - No cached data found for driver_info. Loading data...
2025-06-13 13:02:38,588 - INFO - Fetching driver list...
2025-06-13 13:02:38,940 - INFO - Data has been written to cache!
2025-06-13 13:02:39,329 - DEBUG - Failed to parse timestamp '-1:55:43.191' in Ergastresponse.
2025-06-13 13:02:39,329 - DEBUG - Failed to parse timestamp '-1:55:43.761' in Ergastresponse.
2025-06-13 13:02:39,329 - DEBUG - Failed to parse timestamp '-1:50:23.073' in Ergastresponse.
2025-06-13 13:02:39,338 - INFO - No cached data found for session_status_data. Loading data...
2025-06-13 13:02:39,339 - INFO - Fetching session status data...
2025-06-13 13:02:39,714 - INFO - Data has been written to cache!
2025-06-13 13:02:39,715 - INFO - No cached data found for lap_count. Loading data...
2025-06-13 13:02:39,716 - INFO - Fetching lap count data...
2025-06-13 13:02:40,062 - INFO - Data has been written to cache!
2025-06-13 13:02:40,063 - INFO - No cached data found for track_status_data. Loading data...
2025-06-13 13:02:40,064 - INFO - Fetching track status data...
2025-06-13 13:02:40,475 - INFO - Data has been written to cache!
2025-06-13 13:02:40,476 - INFO - No cached data found for _extended_timing_data. Loading data...
2025-06-13 13:02:40,476 - INFO - Fetching timing data...
2025-06-13 13:02:41,789 - INFO - Parsing timing data...
2025-06-13 13:02:42,401 - INFO - Data has been written to cache!
2025-06-13 13:02:42,402 - INFO - No cached data found for timing_app_data. Loading data...
2025-06-13 13:02:42,402 - INFO - Fetching timing app data...
2025-06-13 13:02:42,843 - INFO - Data has been written to cache!
2025-06-13 13:02:42,843 - INFO - Processing timing data...
2025-06-13 13:02:43,395 - INFO - No cached data found for car_data. Loading data...
2025-06-13 13:02:43,396 - INFO - Fetching car data...
2025-06-13 13:02:44,542 - INFO - Parsing car data...
2025-06-13 13:02:47,188 - INFO - Data has been written to cache!
2025-06-13 13:02:47,189 - INFO - No cached data found for position_data. Loading data...
2025-06-13 13:02:47,189 - INFO - Fetching position data...
2025-06-13 13:02:48,304 - INFO - Parsing position data...
2025-06-13 13:02:50,961 - INFO - Data has been written to cache!
2025-06-13 13:02:51,871 - INFO - No cached data found for weather_data. Loading data...
2025-06-13 13:02:51,874 - INFO - Fetching weather data...
2025-06-13 13:02:52,238 - INFO - Data has been written to cache!
2025-06-13 13:02:52,241 - INFO - No cached data found for race_control_messages. Loading data...
2025-06-13 13:02:52,241 - INFO - Fetching race control messages...
2025-06-13 13:02:52,603 - INFO - Data has been written to cache!
2025-06-13 13:02:52,707 - INFO - Finished loading data for 20 drivers: ['81', '16', '63', '4', '1', '14', '23', '43', '44', '50', '27', '10', '3', '24', '31', '77', '11', '55', '18', '22']
2025-06-13 13:02:52,751 - INFO - [EXPORT OK] azerbaijan_grand_prix
2025-06-13 13:02:52,758 - INFO - Loading data for Singapore Grand Prix - Race [v3.5.3]
2025-06-13 13:02:52,758 - INFO - No cached data found for session_info. Loading data...
2025-06-13 13:02:52,758 - INFO - Fetching session info data...
2025-06-13 13:02:53,081 - INFO - Data has been written to cache!
2025-06-13 13:02:53,082 - INFO - No cached data found for driver_info. Loading data...
2025-06-13 13:02:53,082 - INFO - Fetching driver list...
2025-06-13 13:02:53,427 - INFO - Data has been written to cache!
2025-06-13 13:02:53,566 - DEBUG - Failed to parse timestamp '-1:55:59.335' in Ergastresponse.
2025-06-13 13:02:53,583 - INFO - No cached data found for session_status_data. Loading data...
2025-06-13 13:02:53,583 - INFO - Fetching session status data...
2025-06-13 13:02:54,142 - INFO - Data has been written to cache!
2025-06-13 13:02:54,144 - INFO - No cached data found for lap_count. Loading data...
2025-06-13 13:02:54,145 - INFO - Fetching lap count data...
2025-06-13 13:02:54,469 - INFO - Data has been written to cache!
2025-06-13 13:02:54,469 - INFO - No cached data found for track_status_data. Loading data...
2025-06-13 13:02:54,470 - INFO - Fetching track status data...
2025-06-13 13:02:54,805 - INFO - Data has been written to cache!
2025-06-13 13:02:54,807 - INFO - No cached data found for _extended_timing_data. Loading data...
2025-06-13 13:02:54,807 - INFO - Fetching timing data...
2025-06-13 13:02:55,746 - INFO - Parsing timing data...
2025-06-13 13:02:56,675 - INFO - Data has been written to cache!
2025-06-13 13:02:56,676 - INFO - No cached data found for timing_app_data. Loading data...
2025-06-13 13:02:56,676 - INFO - Fetching timing app data...
2025-06-13 13:02:57,094 - INFO - Data has been written to cache!
2025-06-13 13:02:57,095 - INFO - Processing timing data...
2025-06-13 13:02:57,762 - INFO - No cached data found for car_data. Loading data...
2025-06-13 13:02:57,763 - INFO - Fetching car data...
2025-06-13 13:02:58,584 - INFO - Parsing car data...
2025-06-13 13:03:01,595 - WARNING - Driver  2: Car data is incomplete!
2025-06-13 13:03:01,619 - WARNING - Driver 40: Car data is incomplete!
2025-06-13 13:03:01,634 - WARNING - Driver  3: Car data is incomplete!
2025-06-13 13:03:01,642 - WARNING - Driver 18: Car data is incomplete!
2025-06-13 13:03:01,649 - WARNING - Driver 43: Car data is incomplete!
2025-06-13 13:03:01,744 - INFO - Data has been written to cache!
2025-06-13 13:03:01,744 - INFO - No cached data found for position_data. Loading data...
2025-06-13 13:03:01,744 - INFO - Fetching position data...
2025-06-13 13:03:02,491 - INFO - Parsing position data...
2025-06-13 13:03:05,220 - WARNING - Driver  2: Position data is incomplete!
2025-06-13 13:03:05,229 - WARNING - Driver 40: Position data is incomplete!
2025-06-13 13:03:05,240 - WARNING - Driver  3: Position data is incomplete!
2025-06-13 13:03:05,247 - WARNING - Driver 18: Position data is incomplete!
2025-06-13 13:03:05,253 - WARNING - Driver 43: Position data is incomplete!
2025-06-13 13:03:05,462 - INFO - Data has been written to cache!
2025-06-13 13:03:06,277 - INFO - No cached data found for weather_data. Loading data...
2025-06-13 13:03:06,278 - INFO - Fetching weather data...
2025-06-13 13:03:06,652 - INFO - Data has been written to cache!
2025-06-13 13:03:06,654 - INFO - No cached data found for race_control_messages. Loading data...
2025-06-13 13:03:06,654 - INFO - Fetching race control messages...
2025-06-13 13:03:07,065 - INFO - Data has been written to cache!
2025-06-13 13:03:07,106 - INFO - Finished loading data for 20 drivers: ['4', '1', '81', '63', '16', '44', '55', '14', '27', '11', '43', '22', '31', '18', '24', '77', '10', '3', '20', '23']
2025-06-13 13:03:07,162 - INFO - [EXPORT OK] singapore_grand_prix
2025-06-13 13:03:07,169 - INFO - Loading data for Mexico City Grand Prix - Race [v3.5.3]
2025-06-13 13:03:07,170 - INFO - No cached data found for session_info. Loading data...
2025-06-13 13:03:07,170 - INFO - Fetching session info data...
2025-06-13 13:03:07,650 - INFO - Data has been written to cache!
2025-06-13 13:03:07,651 - INFO - No cached data found for driver_info. Loading data...
2025-06-13 13:03:07,652 - INFO - Fetching driver list...
2025-06-13 13:03:08,005 - INFO - Data has been written to cache!
2025-06-13 13:03:08,232 - INFO - No cached data found for session_status_data. Loading data...
2025-06-13 13:03:08,233 - INFO - Fetching session status data...
2025-06-13 13:03:08,596 - INFO - Data has been written to cache!
2025-06-13 13:03:08,599 - INFO - No cached data found for lap_count. Loading data...
2025-06-13 13:03:08,600 - INFO - Fetching lap count data...
2025-06-13 13:03:09,006 - INFO - Data has been written to cache!
2025-06-13 13:03:09,009 - INFO - No cached data found for track_status_data. Loading data...
2025-06-13 13:03:09,009 - INFO - Fetching track status data...
2025-06-13 13:03:09,404 - INFO - Data has been written to cache!
2025-06-13 13:03:09,405 - INFO - No cached data found for _extended_timing_data. Loading data...
2025-06-13 13:03:09,406 - INFO - Fetching timing data...
2025-06-13 13:03:10,364 - INFO - Parsing timing data...
2025-06-13 13:03:11,090 - INFO - Data has been written to cache!
2025-06-13 13:03:11,091 - INFO - No cached data found for timing_app_data. Loading data...
2025-06-13 13:03:11,091 - INFO - Fetching timing app data...
2025-06-13 13:03:11,660 - INFO - Data has been written to cache!
2025-06-13 13:03:11,661 - INFO - Processing timing data...
2025-06-13 13:03:12,315 - INFO - No cached data found for car_data. Loading data...
2025-06-13 13:03:12,316 - INFO - Fetching car data...
2025-06-13 13:03:13,044 - INFO - Parsing car data...
2025-06-13 13:03:15,831 - WARNING - Driver  2: Car data is incomplete!
2025-06-13 13:03:15,839 - WARNING - Driver  3: Car data is incomplete!
2025-06-13 13:03:15,860 - WARNING - Driver 30: Car data is incomplete!
2025-06-13 13:03:15,867 - WARNING - Driver 43: Car data is incomplete!
2025-06-13 13:03:15,930 - INFO - Data has been written to cache!
2025-06-13 13:03:15,930 - INFO - No cached data found for position_data. Loading data...
2025-06-13 13:03:15,931 - INFO - Fetching position data...
2025-06-13 13:03:16,638 - INFO - Parsing position data...
2025-06-13 13:03:19,669 - WARNING - Driver  2: Position data is incomplete!
2025-06-13 13:03:19,681 - WARNING - Driver  3: Position data is incomplete!
2025-06-13 13:03:19,687 - WARNING - Driver 30: Position data is incomplete!
2025-06-13 13:03:19,696 - WARNING - Driver 43: Position data is incomplete!
2025-06-13 13:03:19,704 - WARNING - Driver 241: Position data is incomplete!
2025-06-13 13:03:19,724 - WARNING - Driver 242: Position data is incomplete!
2025-06-13 13:03:19,808 - WARNING - Driver 243: Position data is incomplete!
2025-06-13 13:03:20,059 - INFO - Data has been written to cache!
2025-06-13 13:03:20,904 - INFO - No cached data found for weather_data. Loading data...
2025-06-13 13:03:20,904 - INFO - Fetching weather data...
2025-06-13 13:03:21,240 - INFO - Data has been written to cache!
2025-06-13 13:03:21,242 - INFO - No cached data found for race_control_messages. Loading data...
2025-06-13 13:03:21,242 - INFO - Fetching race control messages...
2025-06-13 13:03:21,576 - INFO - Data has been written to cache!
2025-06-13 13:03:21,620 - INFO - Finished loading data for 20 drivers: ['55', '4', '16', '44', '63', '1', '20', '81', '27', '10', '18', '43', '31', '77', '24', '30', '11', '14', '23', '22']
2025-06-13 13:03:21,695 - INFO - [EXPORT OK] mexico_city_grand_prix
2025-06-13 13:03:21,706 - INFO - Loading data for Las Vegas Grand Prix - Race [v3.5.3]
2025-06-13 13:03:21,707 - INFO - No cached data found for session_info. Loading data...
2025-06-13 13:03:21,708 - INFO - Fetching session info data...
2025-06-13 13:03:22,220 - INFO - Data has been written to cache!
2025-06-13 13:03:22,221 - INFO - No cached data found for driver_info. Loading data...
2025-06-13 13:03:22,222 - INFO - Fetching driver list...
2025-06-13 13:03:22,580 - INFO - Data has been written to cache!
2025-06-13 13:03:22,735 - INFO - No cached data found for session_status_data. Loading data...
2025-06-13 13:03:22,736 - INFO - Fetching session status data...
2025-06-13 13:03:23,233 - INFO - Data has been written to cache!
2025-06-13 13:03:23,235 - INFO - No cached data found for lap_count. Loading data...
2025-06-13 13:03:23,236 - INFO - Fetching lap count data...
2025-06-13 13:03:23,652 - INFO - Data has been written to cache!
2025-06-13 13:03:23,654 - INFO - No cached data found for track_status_data. Loading data...
2025-06-13 13:03:23,654 - INFO - Fetching track status data...
2025-06-13 13:03:24,006 - INFO - Data has been written to cache!
2025-06-13 13:03:24,008 - INFO - No cached data found for _extended_timing_data. Loading data...
2025-06-13 13:03:24,008 - INFO - Fetching timing data...
2025-06-13 13:03:24,901 - INFO - Parsing timing data...
2025-06-13 13:03:25,504 - INFO - Data has been written to cache!
2025-06-13 13:03:25,505 - INFO - No cached data found for timing_app_data. Loading data...
2025-06-13 13:03:25,505 - INFO - Fetching timing app data...
2025-06-13 13:03:26,063 - INFO - Data has been written to cache!
2025-06-13 13:03:26,064 - INFO - Processing timing data...
2025-06-13 13:03:26,389 - WARNING - Driver 63: Lap timing integrity check failed for 2 lap(s)
2025-06-13 13:03:26,395 - WARNING - Driver 44: Lap timing integrity check failed for 1 lap(s)
2025-06-13 13:03:26,402 - WARNING - Driver 55: Lap timing integrity check failed for 1 lap(s)
2025-06-13 13:03:26,407 - WARNING - Driver 16: Lap timing integrity check failed for 2 lap(s)
2025-06-13 13:03:26,413 - WARNING - Driver  1: Lap timing integrity check failed for 1 lap(s)
2025-06-13 13:03:26,420 - WARNING - Driver  4: Lap timing integrity check failed for 1 lap(s)
2025-06-13 13:03:26,428 - WARNING - Driver 81: Lap timing integrity check failed for 1 lap(s)
2025-06-13 13:03:26,471 - WARNING - Driver 30: Lap timing integrity check failed for 2 lap(s)
2025-06-13 13:03:26,481 - WARNING - Driver 77: Lap timing integrity check failed for 2 lap(s)
2025-06-13 13:03:26,622 - INFO - No cached data found for car_data. Loading data...
2025-06-13 13:03:26,622 - INFO - Fetching car data...
2025-06-13 13:03:27,465 - INFO - Parsing car data...
2025-06-13 13:03:30,170 - INFO - Data has been written to cache!
2025-06-13 13:03:30,171 - INFO - No cached data found for position_data. Loading data...
2025-06-13 13:03:30,171 - INFO - Fetching position data...
2025-06-13 13:03:30,930 - INFO - Parsing position data...
2025-06-13 13:03:33,548 - INFO - Data has been written to cache!
2025-06-13 13:03:34,316 - INFO - No cached data found for weather_data. Loading data...
2025-06-13 13:03:34,318 - INFO - Fetching weather data...
2025-06-13 13:03:34,713 - INFO - Data has been written to cache!
2025-06-13 13:03:34,715 - INFO - No cached data found for race_control_messages. Loading data...
2025-06-13 13:03:34,716 - INFO - Fetching race control messages...
2025-06-13 13:03:35,128 - INFO - Data has been written to cache!
2025-06-13 13:03:35,144 - WARNING - Driver 63 completed the race distance 00:00.427000 before the recorded end of the session.
2025-06-13 13:03:35,179 - INFO - Finished loading data for 20 drivers: ['63', '44', '55', '16', '1', '4', '81', '27', '22', '11', '14', '20', '24', '43', '18', '30', '31', '77', '23', '10']
2025-06-13 13:03:35,237 - INFO - [EXPORT OK] las_vegas_grand_prix
2025-06-13 13:03:35,245 - INFO - Loading data for Abu Dhabi Grand Prix - Race [v3.5.3]
2025-06-13 13:03:35,246 - INFO - No cached data found for session_info. Loading data...
2025-06-13 13:03:35,246 - INFO - Fetching session info data...
2025-06-13 13:03:35,597 - INFO - Data has been written to cache!
2025-06-13 13:03:35,598 - INFO - No cached data found for driver_info. Loading data...
2025-06-13 13:03:35,598 - INFO - Fetching driver list...
2025-06-13 13:03:35,948 - INFO - Data has been written to cache!
2025-06-13 13:03:36,075 - DEBUG - Failed to parse timestamp '-1:58:03.658' in Ergastresponse.
2025-06-13 13:03:36,098 - INFO - No cached data found for session_status_data. Loading data...
2025-06-13 13:03:36,099 - INFO - Fetching session status data...
2025-06-13 13:03:36,544 - INFO - Data has been written to cache!
2025-06-13 13:03:36,546 - INFO - No cached data found for lap_count. Loading data...
2025-06-13 13:03:36,546 - INFO - Fetching lap count data...
2025-06-13 13:03:36,897 - INFO - Data has been written to cache!
2025-06-13 13:03:36,898 - INFO - No cached data found for track_status_data. Loading data...
2025-06-13 13:03:36,898 - INFO - Fetching track status data...
2025-06-13 13:03:37,262 - INFO - Data has been written to cache!
2025-06-13 13:03:37,264 - INFO - No cached data found for _extended_timing_data. Loading data...
2025-06-13 13:03:37,264 - INFO - Fetching timing data...
2025-06-13 13:03:38,304 - INFO - Parsing timing data...
2025-06-13 13:03:38,887 - INFO - Data has been written to cache!
2025-06-13 13:03:38,888 - INFO - No cached data found for timing_app_data. Loading data...
2025-06-13 13:03:38,888 - INFO - Fetching timing app data...
2025-06-13 13:03:39,293 - INFO - Data has been written to cache!
2025-06-13 13:03:39,294 - INFO - Processing timing data...
2025-06-13 13:03:39,869 - INFO - No cached data found for car_data. Loading data...
2025-06-13 13:03:39,869 - INFO - Fetching car data...
2025-06-13 13:03:40,874 - INFO - Parsing car data...
2025-06-13 13:03:43,554 - WARNING - Driver  2: Car data is incomplete!
2025-06-13 13:03:43,563 - WARNING - Driver  3: Car data is incomplete!
2025-06-13 13:03:43,577 - WARNING - Driver  5: Car data is incomplete!
2025-06-13 13:03:43,602 - WARNING - Driver  6: Car data is incomplete!
2025-06-13 13:03:43,609 - WARNING - Driver  7: Car data is incomplete!
2025-06-13 13:03:43,618 - WARNING - Driver  8: Car data is incomplete!
2025-06-13 13:03:43,628 - WARNING - Driver  9: Car data is incomplete!
2025-06-13 13:03:43,635 - WARNING - Driver 12: Car data is incomplete!
2025-06-13 13:03:43,641 - WARNING - Driver 15: Car data is incomplete!
2025-06-13 13:03:43,648 - WARNING - Driver 17: Car data is incomplete!
2025-06-13 13:03:43,655 - WARNING - Driver 19: Car data is incomplete!
2025-06-13 13:03:43,662 - WARNING - Driver 21: Car data is incomplete!
2025-06-13 13:03:43,670 - WARNING - Driver 25: Car data is incomplete!
2025-06-13 13:03:43,675 - WARNING - Driver 26: Car data is incomplete!
2025-06-13 13:03:43,681 - WARNING - Driver 28: Car data is incomplete!
2025-06-13 13:03:43,687 - WARNING - Driver 29: Car data is incomplete!
2025-06-13 13:03:43,694 - WARNING - Driver 31: Car data is incomplete!
2025-06-13 13:03:43,700 - WARNING - Driver 43: Car data is incomplete!
2025-06-13 13:03:43,706 - WARNING - Driver 44: Car data is incomplete!
2025-06-13 13:03:43,712 - WARNING - Driver 55: Car data is incomplete!
2025-06-13 13:03:43,717 - WARNING - Driver 61: Car data is incomplete!
2025-06-13 13:03:43,722 - WARNING - Driver 63: Car data is incomplete!
2025-06-13 13:03:43,728 - WARNING - Driver 77: Car data is incomplete!
2025-06-13 13:03:43,734 - WARNING - Driver 81: Car data is incomplete!
2025-06-13 13:03:43,857 - INFO - Data has been written to cache!
2025-06-13 13:03:43,857 - INFO - No cached data found for position_data. Loading data...
2025-06-13 13:03:43,857 - INFO - Fetching position data...
2025-06-13 13:03:44,547 - INFO - Parsing position data...
2025-06-13 13:03:47,180 - WARNING - Driver  2: Position data is incomplete!
2025-06-13 13:03:47,189 - WARNING - Driver  3: Position data is incomplete!
2025-06-13 13:03:47,197 - WARNING - Driver  5: Position data is incomplete!
2025-06-13 13:03:47,208 - WARNING - Driver  6: Position data is incomplete!
2025-06-13 13:03:47,214 - WARNING - Driver  7: Position data is incomplete!
2025-06-13 13:03:47,219 - WARNING - Driver  8: Position data is incomplete!
2025-06-13 13:03:47,224 - WARNING - Driver  9: Position data is incomplete!
2025-06-13 13:03:47,230 - WARNING - Driver 12: Position data is incomplete!
2025-06-13 13:03:47,235 - WARNING - Driver 15: Position data is incomplete!
2025-06-13 13:03:47,239 - WARNING - Driver 17: Position data is incomplete!
2025-06-13 13:03:47,244 - WARNING - Driver 19: Position data is incomplete!
2025-06-13 13:03:47,249 - WARNING - Driver 21: Position data is incomplete!
2025-06-13 13:03:47,254 - WARNING - Driver 25: Position data is incomplete!
2025-06-13 13:03:47,260 - WARNING - Driver 26: Position data is incomplete!
2025-06-13 13:03:47,265 - WARNING - Driver 28: Position data is incomplete!
2025-06-13 13:03:47,270 - WARNING - Driver 29: Position data is incomplete!
2025-06-13 13:03:47,281 - WARNING - Driver 30: Position data is incomplete!
2025-06-13 13:03:47,286 - WARNING - Driver 31: Position data is incomplete!
2025-06-13 13:03:47,291 - WARNING - Driver 43: Position data is incomplete!
2025-06-13 13:03:47,297 - WARNING - Driver 44: Position data is incomplete!
2025-06-13 13:03:47,302 - WARNING - Driver 55: Position data is incomplete!
2025-06-13 13:03:47,308 - WARNING - Driver 61: Position data is incomplete!
2025-06-13 13:03:47,313 - WARNING - Driver 63: Position data is incomplete!
2025-06-13 13:03:47,319 - WARNING - Driver 77: Position data is incomplete!
2025-06-13 13:03:47,324 - WARNING - Driver 81: Position data is incomplete!
2025-06-13 13:03:47,635 - INFO - Data has been written to cache!
2025-06-13 13:03:48,503 - INFO - No cached data found for weather_data. Loading data...
2025-06-13 13:03:48,503 - INFO - Fetching weather data...
2025-06-13 13:03:48,863 - INFO - Data has been written to cache!
2025-06-13 13:03:48,865 - INFO - No cached data found for race_control_messages. Loading data...
2025-06-13 13:03:48,865 - INFO - Fetching race control messages...
2025-06-13 13:03:49,252 - INFO - Data has been written to cache!
2025-06-13 13:03:49,313 - INFO - Finished loading data for 20 drivers: ['4', '55', '16', '44', '63', '1', '10', '27', '14', '81', '23', '22', '24', '18', '61', '20', '30', '77', '43', '11']
2025-06-13 13:03:49,365 - INFO - [EXPORT OK] abu_dhabi_grand_prix
2025-06-13 13:03:50,077 - INFO - [COMBINED EXPORT] 2024 complete
2025-06-13 14:09:09,296 - INFO - Loading data for Bahrain Grand Prix - Race [v3.5.3]
2025-06-13 14:09:09,298 - INFO - Using cached data for session_info
2025-06-13 14:09:09,299 - INFO - Using cached data for driver_info
2025-06-13 14:09:09,725 - INFO - Using cached data for session_status_data
2025-06-13 14:09:09,726 - INFO - Using cached data for lap_count
2025-06-13 14:09:09,727 - INFO - Using cached data for track_status_data
2025-06-13 14:09:10,095 - INFO - Using cached data for _extended_timing_data
2025-06-13 14:09:10,098 - INFO - Using cached data for timing_app_data
2025-06-13 14:09:10,098 - INFO - Processing timing data...
2025-06-13 14:09:10,785 - INFO - Using cached data for car_data
2025-06-13 14:09:11,012 - INFO - Using cached data for position_data
2025-06-13 14:09:12,127 - INFO - Using cached data for weather_data
2025-06-13 14:09:12,130 - INFO - Using cached data for race_control_messages
2025-06-13 14:09:12,168 - INFO - Finished loading data for 20 drivers: ['1', '11', '55', '16', '63', '4', '44', '81', '14', '18', '24', '20', '3', '22', '23', '27', '31', '10', '77', '2']
2025-06-13 14:09:12,231 - INFO - [EXPORT OK] bahrain_grand_prix
2025-06-13 14:09:12,238 - INFO - Loading data for Saudi Arabian Grand Prix - Race [v3.5.3]
2025-06-13 14:09:12,238 - INFO - Using cached data for session_info
2025-06-13 14:09:12,239 - INFO - Using cached data for driver_info
2025-06-13 14:09:12,364 - INFO - Using cached data for session_status_data
2025-06-13 14:09:12,365 - INFO - Using cached data for lap_count
2025-06-13 14:09:12,366 - INFO - Using cached data for track_status_data
2025-06-13 14:09:12,373 - INFO - Using cached data for _extended_timing_data
2025-06-13 14:09:12,374 - INFO - Using cached data for timing_app_data
2025-06-13 14:09:12,374 - INFO - Processing timing data...
2025-06-13 14:09:12,923 - INFO - Using cached data for car_data
2025-06-13 14:09:13,038 - INFO - Using cached data for position_data
2025-06-13 14:09:13,927 - INFO - Using cached data for weather_data
2025-06-13 14:09:13,929 - INFO - Using cached data for race_control_messages
2025-06-13 14:09:13,969 - INFO - Finished loading data for 20 drivers: ['1', '11', '16', '81', '14', '63', '38', '4', '44', '27', '23', '20', '31', '2', '22', '3', '77', '24', '18', '10']
2025-06-13 14:09:14,016 - INFO - [EXPORT OK] saudi_arabian_grand_prix
2025-06-13 14:09:14,024 - INFO - Loading data for Australian Grand Prix - Race [v3.5.3]
2025-06-13 14:09:14,025 - INFO - Using cached data for session_info
2025-06-13 14:09:14,026 - INFO - Using cached data for driver_info
2025-06-13 14:09:14,227 - DEBUG - Failed to parse timestamp '-1:57:37.891' in Ergastresponse.
2025-06-13 14:09:14,239 - INFO - Using cached data for session_status_data
2025-06-13 14:09:14,243 - INFO - Using cached data for lap_count
2025-06-13 14:09:14,246 - INFO - Using cached data for track_status_data
2025-06-13 14:09:14,267 - INFO - Using cached data for _extended_timing_data
2025-06-13 14:09:14,274 - INFO - Using cached data for timing_app_data
2025-06-13 14:09:14,274 - INFO - Processing timing data...
2025-06-13 14:09:14,917 - INFO - Using cached data for car_data
2025-06-13 14:09:14,997 - INFO - Using cached data for position_data
2025-06-13 14:09:15,780 - INFO - Using cached data for weather_data
2025-06-13 14:09:15,784 - INFO - Using cached data for race_control_messages
2025-06-13 14:09:15,821 - INFO - Finished loading data for 19 drivers: ['55', '16', '4', '81', '11', '18', '22', '14', '27', '20', '23', '3', '10', '77', '24', '31', '63', '44', '1']
2025-06-13 14:09:15,869 - INFO - [EXPORT OK] australian_grand_prix
2025-06-13 14:09:15,878 - INFO - Loading data for Japanese Grand Prix - Race [v3.5.3]
2025-06-13 14:09:15,878 - INFO - Using cached data for session_info
2025-06-13 14:09:15,879 - INFO - Using cached data for driver_info
2025-06-13 14:09:16,008 - INFO - Using cached data for session_status_data
2025-06-13 14:09:16,009 - INFO - Using cached data for lap_count
2025-06-13 14:09:16,010 - INFO - Using cached data for track_status_data
2025-06-13 14:09:16,018 - INFO - Using cached data for _extended_timing_data
2025-06-13 14:09:16,021 - INFO - Using cached data for timing_app_data
2025-06-13 14:09:16,021 - INFO - Processing timing data...
2025-06-13 14:09:16,689 - INFO - Using cached data for car_data
2025-06-13 14:09:16,772 - INFO - Using cached data for position_data
2025-06-13 14:09:17,635 - INFO - Using cached data for weather_data
2025-06-13 14:09:17,637 - INFO - Using cached data for race_control_messages
2025-06-13 14:09:17,659 - INFO - Finished loading data for 20 drivers: ['1', '11', '55', '16', '4', '14', '63', '81', '44', '22', '27', '18', '20', '77', '31', '10', '2', '24', '3', '23']
2025-06-13 14:09:17,701 - INFO - [EXPORT OK] japanese_grand_prix
2025-06-13 14:09:17,708 - INFO - Loading data for Emilia Romagna Grand Prix - Race [v3.5.3]
2025-06-13 14:09:17,708 - INFO - Using cached data for session_info
2025-06-13 14:09:17,709 - INFO - Using cached data for driver_info
2025-06-13 14:09:17,933 - INFO - Using cached data for session_status_data
2025-06-13 14:09:17,934 - INFO - Using cached data for lap_count
2025-06-13 14:09:17,935 - INFO - Using cached data for track_status_data
2025-06-13 14:09:17,941 - INFO - Using cached data for _extended_timing_data
2025-06-13 14:09:17,942 - INFO - Using cached data for timing_app_data
2025-06-13 14:09:17,942 - INFO - Processing timing data...
2025-06-13 14:09:18,553 - INFO - Using cached data for car_data
2025-06-13 14:09:18,638 - INFO - Using cached data for position_data
2025-06-13 14:09:19,407 - INFO - Using cached data for weather_data
2025-06-13 14:09:19,409 - INFO - Using cached data for race_control_messages
2025-06-13 14:09:19,435 - INFO - Finished loading data for 20 drivers: ['1', '4', '16', '81', '55', '44', '63', '11', '18', '22', '27', '20', '3', '31', '24', '10', '2', '77', '14', '23']
2025-06-13 14:09:19,500 - INFO - [EXPORT OK] emilia_romagna_grand_prix
2025-06-13 14:09:19,507 - INFO - Loading data for Monaco Grand Prix - Race [v3.5.3]
2025-06-13 14:09:19,511 - INFO - Using cached data for session_info
2025-06-13 14:09:19,512 - INFO - Using cached data for driver_info
2025-06-13 14:09:19,645 - INFO - Using cached data for session_status_data
2025-06-13 14:09:19,646 - INFO - Using cached data for lap_count
2025-06-13 14:09:19,647 - INFO - Using cached data for track_status_data
2025-06-13 14:09:19,652 - INFO - Using cached data for _extended_timing_data
2025-06-13 14:09:19,653 - INFO - Using cached data for timing_app_data
2025-06-13 14:09:19,653 - INFO - Processing timing data...
2025-06-13 14:09:20,361 - INFO - Using cached data for car_data
2025-06-13 14:09:20,537 - INFO - Using cached data for position_data
2025-06-13 14:09:21,782 - INFO - Using cached data for weather_data
2025-06-13 14:09:21,790 - INFO - Using cached data for race_control_messages
2025-06-13 14:09:21,844 - INFO - Finished loading data for 20 drivers: ['16', '81', '55', '4', '63', '1', '44', '22', '23', '10', '14', '3', '77', '18', '2', '24', '31', '11', '27', '20']
2025-06-13 14:09:21,917 - INFO - [EXPORT OK] monaco_grand_prix
2025-06-13 14:09:21,927 - INFO - Loading data for Canadian Grand Prix - Race [v3.5.3]
2025-06-13 14:09:21,928 - INFO - Using cached data for session_info
2025-06-13 14:09:21,929 - INFO - Using cached data for driver_info
2025-06-13 14:09:22,069 - INFO - Using cached data for session_status_data
2025-06-13 14:09:22,070 - INFO - Using cached data for lap_count
2025-06-13 14:09:22,071 - INFO - Using cached data for track_status_data
2025-06-13 14:09:22,079 - INFO - Using cached data for _extended_timing_data
2025-06-13 14:09:22,081 - INFO - Using cached data for timing_app_data
2025-06-13 14:09:22,082 - INFO - Processing timing data...
2025-06-13 14:09:22,815 - INFO - Using cached data for car_data
2025-06-13 14:09:22,895 - INFO - Using cached data for position_data
2025-06-13 14:09:23,571 - INFO - Using cached data for weather_data
2025-06-13 14:09:23,575 - INFO - Using cached data for race_control_messages
2025-06-13 14:09:23,649 - INFO - Finished loading data for 20 drivers: ['1', '4', '63', '44', '81', '14', '18', '3', '10', '31', '27', '20', '77', '22', '24', '55', '23', '11', '16', '2']
2025-06-13 14:09:23,735 - INFO - [EXPORT OK] canadian_grand_prix
2025-06-13 14:09:23,742 - INFO - Loading data for Spanish Grand Prix - Race [v3.5.3]
2025-06-13 14:09:23,743 - INFO - Using cached data for session_info
2025-06-13 14:09:23,743 - INFO - Using cached data for driver_info
2025-06-13 14:09:23,902 - INFO - Using cached data for session_status_data
2025-06-13 14:09:23,903 - INFO - Using cached data for lap_count
2025-06-13 14:09:23,904 - INFO - Using cached data for track_status_data
2025-06-13 14:09:23,911 - INFO - Using cached data for _extended_timing_data
2025-06-13 14:09:23,913 - INFO - Using cached data for timing_app_data
2025-06-13 14:09:23,913 - INFO - Processing timing data...
2025-06-13 14:09:24,676 - INFO - Using cached data for car_data
2025-06-13 14:09:24,761 - INFO - Using cached data for position_data
2025-06-13 14:09:25,527 - INFO - Using cached data for weather_data
2025-06-13 14:09:25,529 - INFO - Using cached data for race_control_messages
2025-06-13 14:09:25,531 - WARNING - Driver 1 completed the race distance 00:00.015000 before the recorded end of the session.
2025-06-13 14:09:25,559 - INFO - Finished loading data for 20 drivers: ['1', '4', '44', '63', '16', '55', '81', '11', '10', '31', '27', '14', '24', '18', '3', '77', '20', '23', '22', '2']
2025-06-13 14:09:25,626 - INFO - [EXPORT OK] spanish_grand_prix
2025-06-13 14:09:25,634 - INFO - Loading data for British Grand Prix - Race [v3.5.3]
2025-06-13 14:09:25,635 - INFO - Using cached data for session_info
2025-06-13 14:09:25,635 - INFO - Using cached data for driver_info
2025-06-13 14:09:25,766 - INFO - Using cached data for session_status_data
2025-06-13 14:09:25,767 - INFO - Using cached data for lap_count
2025-06-13 14:09:25,768 - INFO - Using cached data for track_status_data
2025-06-13 14:09:25,773 - INFO - Using cached data for _extended_timing_data
2025-06-13 14:09:25,775 - INFO - Using cached data for timing_app_data
2025-06-13 14:09:25,775 - INFO - Processing timing data...
2025-06-13 14:09:26,366 - INFO - Using cached data for car_data
2025-06-13 14:09:26,431 - INFO - Using cached data for position_data
2025-06-13 14:09:27,201 - INFO - Using cached data for weather_data
2025-06-13 14:09:27,203 - INFO - Using cached data for race_control_messages
2025-06-13 14:09:27,229 - INFO - Finished loading data for 20 drivers: ['44', '1', '4', '81', '55', '27', '18', '14', '23', '22', '2', '20', '3', '16', '77', '31', '11', '24', '63', '10']
2025-06-13 14:09:27,276 - INFO - [EXPORT OK] british_grand_prix
2025-06-13 14:09:27,282 - INFO - Loading data for Hungarian Grand Prix - Race [v3.5.3]
2025-06-13 14:09:27,282 - INFO - Using cached data for session_info
2025-06-13 14:09:27,283 - INFO - Using cached data for driver_info
2025-06-13 14:09:27,413 - INFO - Using cached data for session_status_data
2025-06-13 14:09:27,414 - INFO - Using cached data for lap_count
2025-06-13 14:09:27,415 - INFO - Using cached data for track_status_data
2025-06-13 14:09:27,421 - INFO - Using cached data for _extended_timing_data
2025-06-13 14:09:27,422 - INFO - Using cached data for timing_app_data
2025-06-13 14:09:27,423 - INFO - Processing timing data...
2025-06-13 14:09:28,071 - INFO - Using cached data for car_data
2025-06-13 14:09:28,131 - INFO - Using cached data for position_data
2025-06-13 14:09:28,857 - INFO - Using cached data for weather_data
2025-06-13 14:09:28,859 - INFO - Using cached data for race_control_messages
2025-06-13 14:09:28,880 - INFO - Finished loading data for 20 drivers: ['81', '4', '44', '16', '1', '55', '11', '63', '22', '18', '14', '3', '27', '23', '20', '77', '2', '31', '24', '10']
2025-06-13 14:09:28,940 - INFO - [EXPORT OK] hungarian_grand_prix
2025-06-13 14:09:28,946 - INFO - Loading data for Belgian Grand Prix - Race [v3.5.3]
2025-06-13 14:09:28,947 - INFO - Using cached data for session_info
2025-06-13 14:09:28,948 - INFO - Using cached data for driver_info
2025-06-13 14:09:29,070 - DEBUG - Failed to parse timestamp '-1:59:59.474' in Ergastresponse.
2025-06-13 14:09:29,081 - INFO - Using cached data for session_status_data
2025-06-13 14:09:29,082 - INFO - Using cached data for lap_count
2025-06-13 14:09:29,082 - INFO - Using cached data for track_status_data
2025-06-13 14:09:29,088 - INFO - Using cached data for _extended_timing_data
2025-06-13 14:09:29,089 - INFO - Using cached data for timing_app_data
2025-06-13 14:09:29,089 - INFO - Processing timing data...
2025-06-13 14:09:29,628 - INFO - Using cached data for car_data
2025-06-13 14:09:29,689 - INFO - Using cached data for position_data
2025-06-13 14:09:30,438 - INFO - Using cached data for weather_data
2025-06-13 14:09:30,440 - INFO - Using cached data for race_control_messages
2025-06-13 14:09:30,463 - INFO - Finished loading data for 20 drivers: ['44', '81', '16', '1', '4', '55', '11', '14', '31', '3', '18', '23', '10', '20', '77', '22', '2', '27', '24', '63']
2025-06-13 14:09:30,506 - INFO - [EXPORT OK] belgian_grand_prix
2025-06-13 14:09:30,513 - INFO - Loading data for Dutch Grand Prix - Race [v3.5.3]
2025-06-13 14:09:30,514 - INFO - Using cached data for session_info
2025-06-13 14:09:30,514 - INFO - Using cached data for driver_info
2025-06-13 14:09:30,640 - INFO - Using cached data for session_status_data
2025-06-13 14:09:30,641 - INFO - Using cached data for lap_count
2025-06-13 14:09:30,641 - INFO - Using cached data for track_status_data
2025-06-13 14:09:30,647 - INFO - Using cached data for _extended_timing_data
2025-06-13 14:09:30,649 - INFO - Using cached data for timing_app_data
2025-06-13 14:09:30,649 - INFO - Processing timing data...
2025-06-13 14:09:31,732 - INFO - Using cached data for car_data
2025-06-13 14:09:31,848 - INFO - Using cached data for position_data
2025-06-13 14:09:32,714 - INFO - Using cached data for weather_data
2025-06-13 14:09:32,715 - INFO - Using cached data for race_control_messages
2025-06-13 14:09:32,738 - INFO - Finished loading data for 20 drivers: ['4', '1', '16', '81', '55', '11', '63', '44', '10', '14', '27', '3', '18', '23', '31', '2', '22', '20', '77', '24']
2025-06-13 14:09:32,810 - INFO - [EXPORT OK] dutch_grand_prix
2025-06-13 14:09:32,819 - INFO - Loading data for Italian Grand Prix - Race [v3.5.3]
2025-06-13 14:09:32,820 - INFO - Using cached data for session_info
2025-06-13 14:09:32,821 - INFO - Using cached data for driver_info
2025-06-13 14:09:33,041 - INFO - Using cached data for session_status_data
2025-06-13 14:09:33,042 - INFO - Using cached data for lap_count
2025-06-13 14:09:33,043 - INFO - Using cached data for track_status_data
2025-06-13 14:09:33,062 - INFO - Using cached data for _extended_timing_data
2025-06-13 14:09:33,069 - INFO - Using cached data for timing_app_data
2025-06-13 14:09:33,071 - INFO - Processing timing data...
2025-06-13 14:09:33,802 - INFO - Using cached data for car_data
2025-06-13 14:09:33,876 - INFO - Using cached data for position_data
2025-06-13 14:09:34,583 - INFO - Using cached data for weather_data
2025-06-13 14:09:34,584 - INFO - Using cached data for race_control_messages
2025-06-13 14:09:34,610 - INFO - Finished loading data for 20 drivers: ['16', '81', '4', '55', '44', '1', '63', '11', '23', '20', '14', '43', '3', '31', '10', '77', '27', '24', '18', '22']
2025-06-13 14:09:34,663 - INFO - [EXPORT OK] italian_grand_prix
2025-06-13 14:09:34,669 - INFO - Loading data for Azerbaijan Grand Prix - Race [v3.5.3]
2025-06-13 14:09:34,670 - INFO - Using cached data for session_info
2025-06-13 14:09:34,671 - INFO - Using cached data for driver_info
2025-06-13 14:09:34,869 - DEBUG - Failed to parse timestamp '-1:55:43.191' in Ergastresponse.
2025-06-13 14:09:34,869 - DEBUG - Failed to parse timestamp '-1:55:43.761' in Ergastresponse.
2025-06-13 14:09:34,869 - DEBUG - Failed to parse timestamp '-1:50:23.073' in Ergastresponse.
2025-06-13 14:09:34,887 - INFO - Using cached data for session_status_data
2025-06-13 14:09:34,888 - INFO - Using cached data for lap_count
2025-06-13 14:09:34,889 - INFO - Using cached data for track_status_data
2025-06-13 14:09:34,894 - INFO - Using cached data for _extended_timing_data
2025-06-13 14:09:34,895 - INFO - Using cached data for timing_app_data
2025-06-13 14:09:34,896 - INFO - Processing timing data...
2025-06-13 14:09:35,488 - INFO - Using cached data for car_data
2025-06-13 14:09:35,562 - INFO - Using cached data for position_data
2025-06-13 14:09:36,326 - INFO - Using cached data for weather_data
2025-06-13 14:09:36,327 - INFO - Using cached data for race_control_messages
2025-06-13 14:09:36,398 - INFO - Finished loading data for 20 drivers: ['81', '16', '63', '4', '1', '14', '23', '43', '44', '50', '27', '10', '3', '24', '31', '77', '11', '55', '18', '22']
2025-06-13 14:09:36,480 - INFO - [EXPORT OK] azerbaijan_grand_prix
2025-06-13 14:09:36,487 - INFO - Loading data for Singapore Grand Prix - Race [v3.5.3]
2025-06-13 14:09:36,488 - INFO - Using cached data for session_info
2025-06-13 14:09:36,488 - INFO - Using cached data for driver_info
2025-06-13 14:09:36,613 - DEBUG - Failed to parse timestamp '-1:55:59.335' in Ergastresponse.
2025-06-13 14:09:36,624 - INFO - Using cached data for session_status_data
2025-06-13 14:09:36,625 - INFO - Using cached data for lap_count
2025-06-13 14:09:36,625 - INFO - Using cached data for track_status_data
2025-06-13 14:09:36,630 - INFO - Using cached data for _extended_timing_data
2025-06-13 14:09:36,633 - INFO - Using cached data for timing_app_data
2025-06-13 14:09:36,633 - INFO - Processing timing data...
2025-06-13 14:09:37,374 - INFO - Using cached data for car_data
2025-06-13 14:09:37,488 - INFO - Using cached data for position_data
2025-06-13 14:09:38,326 - INFO - Using cached data for weather_data
2025-06-13 14:09:38,327 - INFO - Using cached data for race_control_messages
2025-06-13 14:09:38,353 - INFO - Finished loading data for 20 drivers: ['4', '1', '81', '63', '16', '44', '55', '14', '27', '11', '43', '22', '31', '18', '24', '77', '10', '3', '20', '23']
2025-06-13 14:09:38,409 - INFO - [EXPORT OK] singapore_grand_prix
2025-06-13 14:09:38,416 - INFO - Loading data for Mexico City Grand Prix - Race [v3.5.3]
2025-06-13 14:09:38,417 - INFO - Using cached data for session_info
2025-06-13 14:09:38,418 - INFO - Using cached data for driver_info
2025-06-13 14:09:38,635 - INFO - Using cached data for session_status_data
2025-06-13 14:09:38,636 - INFO - Using cached data for lap_count
2025-06-13 14:09:38,637 - INFO - Using cached data for track_status_data
2025-06-13 14:09:38,644 - INFO - Using cached data for _extended_timing_data
2025-06-13 14:09:38,645 - INFO - Using cached data for timing_app_data
2025-06-13 14:09:38,646 - INFO - Processing timing data...
2025-06-13 14:09:39,351 - INFO - Using cached data for car_data
2025-06-13 14:09:39,464 - INFO - Using cached data for position_data
2025-06-13 14:09:40,285 - INFO - Using cached data for weather_data
2025-06-13 14:09:40,286 - INFO - Using cached data for race_control_messages
2025-06-13 14:09:40,314 - INFO - Finished loading data for 20 drivers: ['55', '4', '16', '44', '63', '1', '20', '81', '27', '10', '18', '43', '31', '77', '24', '30', '11', '14', '23', '22']
2025-06-13 14:09:40,393 - INFO - [EXPORT OK] mexico_city_grand_prix
2025-06-13 14:09:40,401 - INFO - Loading data for Las Vegas Grand Prix - Race [v3.5.3]
2025-06-13 14:09:40,402 - INFO - Using cached data for session_info
2025-06-13 14:09:40,402 - INFO - Using cached data for driver_info
2025-06-13 14:09:40,538 - INFO - Using cached data for session_status_data
2025-06-13 14:09:40,540 - INFO - Using cached data for lap_count
2025-06-13 14:09:40,540 - INFO - Using cached data for track_status_data
2025-06-13 14:09:40,545 - INFO - Using cached data for _extended_timing_data
2025-06-13 14:09:40,546 - INFO - Using cached data for timing_app_data
2025-06-13 14:09:40,546 - INFO - Processing timing data...
2025-06-13 14:09:40,906 - WARNING - Driver 63: Lap timing integrity check failed for 2 lap(s)
2025-06-13 14:09:40,911 - WARNING - Driver 44: Lap timing integrity check failed for 1 lap(s)
2025-06-13 14:09:40,915 - WARNING - Driver 55: Lap timing integrity check failed for 1 lap(s)
2025-06-13 14:09:40,922 - WARNING - Driver 16: Lap timing integrity check failed for 2 lap(s)
2025-06-13 14:09:40,927 - WARNING - Driver  1: Lap timing integrity check failed for 1 lap(s)
2025-06-13 14:09:40,932 - WARNING - Driver  4: Lap timing integrity check failed for 1 lap(s)
2025-06-13 14:09:40,936 - WARNING - Driver 81: Lap timing integrity check failed for 1 lap(s)
2025-06-13 14:09:40,977 - WARNING - Driver 30: Lap timing integrity check failed for 2 lap(s)
2025-06-13 14:09:40,987 - WARNING - Driver 77: Lap timing integrity check failed for 2 lap(s)
2025-06-13 14:09:41,163 - INFO - Using cached data for car_data
2025-06-13 14:09:41,237 - INFO - Using cached data for position_data
2025-06-13 14:09:41,962 - INFO - Using cached data for weather_data
2025-06-13 14:09:41,964 - INFO - Using cached data for race_control_messages
2025-06-13 14:09:41,967 - WARNING - Driver 63 completed the race distance 00:00.427000 before the recorded end of the session.
2025-06-13 14:09:41,989 - INFO - Finished loading data for 20 drivers: ['63', '44', '55', '16', '1', '4', '81', '27', '22', '11', '14', '20', '24', '43', '18', '30', '31', '77', '23', '10']
2025-06-13 14:09:42,037 - INFO - [EXPORT OK] las_vegas_grand_prix
2025-06-13 14:09:42,043 - INFO - Loading data for Abu Dhabi Grand Prix - Race [v3.5.3]
2025-06-13 14:09:42,044 - INFO - Using cached data for session_info
2025-06-13 14:09:42,045 - INFO - Using cached data for driver_info
2025-06-13 14:09:42,165 - DEBUG - Failed to parse timestamp '-1:58:03.658' in Ergastresponse.
2025-06-13 14:09:42,176 - INFO - Using cached data for session_status_data
2025-06-13 14:09:42,177 - INFO - Using cached data for lap_count
2025-06-13 14:09:42,177 - INFO - Using cached data for track_status_data
2025-06-13 14:09:42,182 - INFO - Using cached data for _extended_timing_data
2025-06-13 14:09:42,184 - INFO - Using cached data for timing_app_data
2025-06-13 14:09:42,184 - INFO - Processing timing data...
2025-06-13 14:09:42,852 - INFO - Using cached data for car_data
2025-06-13 14:09:43,028 - INFO - Using cached data for position_data
2025-06-13 14:09:43,858 - INFO - Using cached data for weather_data
2025-06-13 14:09:43,860 - INFO - Using cached data for race_control_messages
2025-06-13 14:09:43,906 - INFO - Finished loading data for 20 drivers: ['4', '55', '16', '44', '63', '1', '10', '27', '14', '81', '23', '22', '24', '18', '61', '20', '30', '77', '43', '11']
2025-06-13 14:09:43,961 - INFO - [EXPORT OK] abu_dhabi_grand_prix
2025-06-13 14:09:44,797 - INFO - [COMBINED EXPORT] 2024 complete
